<?xml version="1.0" encoding="UTF-8"?>
<!-- Generated by org.testng.reporters.JUnitReportReporter -->
<testsuite hostname="USLAIF16" failures="0" tests="1" name="PerformanceReports" time="0.002" errors="0" timestamp="2023-04-05T00:42:17 PDT" skipped="0">
  <testcase classname="PerformanceReports" name="Performance" time="0.002"/>
  <system-out/>
</testsuite> <!-- PerformanceReports -->
