<?xml version="1.0" encoding="UTF-8"?>
<!-- Generated by org.testng.reporters.JUnitReportReporter -->
<testsuite hostname="USLAIF16" failures="0" tests="1" name="Contact" time="1.367" errors="0" timestamp="2023-04-05T00:42:19 PDT" skipped="0">
  <testcase classname="Contact" name="contact" time="1.367"/>
  <system-out/>
</testsuite> <!-- Contact -->
