<?xml version="1.0" encoding="UTF-8"?>
<!-- Generated by org.testng.reporters.JUnitReportReporter -->
<testsuite hostname="USLAIF16" failures="0" tests="1" name="Summary" time="9.094" errors="0" timestamp="2023-04-05T00:42:17 PDT" skipped="0">
  <testcase classname="Summary" name="SummaryPage" time="9.094"/>
  <system-out/>
</testsuite> <!-- Summary -->
