<?xml version="1.0" encoding="UTF-8"?>
<!-- Generated by org.testng.reporters.JUnitReportReporter -->
<testsuite hostname="USLAIF16" failures="0" tests="1" name="Trade2History" time="0.001" errors="0" timestamp="2023-04-05T00:42:17 PDT" skipped="0">
  <testcase classname="Trade2History" name="TradeMain" time="0.001"/>
  <system-out/>
</testsuite> <!-- Trade2History -->
