<?xml version="1.0" encoding="UTF-8"?>
<!-- Generated by org.testng.reporters.JUnitReportReporter -->
<testsuite hostname="USLAIF16" failures="0" tests="1" name="Share" time="0.001" errors="0" timestamp="2023-04-05T00:42:19 PDT" skipped="0">
  <testcase classname="Share" name="shareholder" time="0.001"/>
  <system-out/>
</testsuite> <!-- Share -->
